0 info it worked if it ends with ok
1 verbose cli [ 'node', '/usr/bin/npm', 'install', 'url-mask' ]
2 info using npm@1.3.6
3 info using node@v0.10.36
4 verbose readDependencies using package.json deps
5 verbose cache add [ 'url-mask', null ]
6 verbose cache add name=undefined spec="url-mask" args=["url-mask",null]
7 verbose parsed url { protocol: null,
7 verbose parsed url   slashes: null,
7 verbose parsed url   auth: null,
7 verbose parsed url   host: null,
7 verbose parsed url   port: null,
7 verbose parsed url   hostname: null,
7 verbose parsed url   hash: null,
7 verbose parsed url   search: null,
7 verbose parsed url   query: null,
7 verbose parsed url   pathname: 'url-mask',
7 verbose parsed url   path: 'url-mask',
7 verbose parsed url   href: 'url-mask' }
8 silly lockFile 6151d7b9-url-mask url-mask
9 verbose lock url-mask /root/.npm/6151d7b9-url-mask.lock
10 silly lockFile 6151d7b9-url-mask url-mask
11 silly lockFile 6151d7b9-url-mask url-mask
12 verbose addNamed [ 'url-mask', '' ]
13 verbose addNamed [ null, '*' ]
14 silly lockFile 268ae28b-url-mask url-mask@
15 verbose lock url-mask@ /root/.npm/268ae28b-url-mask.lock
16 silly addNameRange { name: 'url-mask', range: '*', hasData: false }
17 verbose url raw url-mask
18 verbose url resolving [ 'https://registry.npmjs.org/', './url-mask' ]
19 verbose url resolved https://registry.npmjs.org/url-mask
20 info trying registry request attempt 1 at 13:07:43
21 http GET https://registry.npmjs.org/url-mask
22 info retry will retry, error on last attempt: Error: CERT_UNTRUSTED
23 info trying registry request attempt 2 at 13:07:53
24 http GET https://registry.npmjs.org/url-mask
25 info retry will retry, error on last attempt: Error: CERT_UNTRUSTED
26 info trying registry request attempt 3 at 13:08:53
27 http GET https://registry.npmjs.org/url-mask
28 silly lockFile 268ae28b-url-mask url-mask@
29 silly lockFile 268ae28b-url-mask url-mask@
30 error Error: CERT_UNTRUSTED
30 error     at SecurePair.<anonymous> (tls.js:1381:32)
30 error     at SecurePair.emit (events.js:92:17)
30 error     at SecurePair.maybeInitFinished (tls.js:980:10)
30 error     at CleartextStream.read [as _read] (tls.js:472:13)
30 error     at CleartextStream.Readable.read (_stream_readable.js:341:10)
30 error     at EncryptedStream.write [as _write] (tls.js:369:25)
30 error     at doWrite (_stream_writable.js:226:10)
30 error     at writeOrBuffer (_stream_writable.js:216:5)
30 error     at EncryptedStream.Writable.write (_stream_writable.js:183:11)
30 error     at write (_stream_readable.js:602:24)
31 error If you need help, you may report this log at:
31 error     <http://github.com/isaacs/npm/issues>
31 error or email it to:
31 error     <npm-@googlegroups.com>
32 error System Linux 4.1.13-100.fc21.x86_64
33 error command "node" "/usr/bin/npm" "install" "url-mask"
34 error cwd /home/tweerasinghe/Work/Samples/Node/express-4.x-local-example-master
35 error node -v v0.10.36
36 error npm -v 1.3.6
37 verbose exit [ 1, true ]
